<?xml version="1.0" encoding="UTF-8"?>
<testsuite name="EmployeePayrollServiceTest" tests="1" skipped="0" failures="0" errors="0" timestamp="2020-12-26T11:48:16" hostname="DESKTOP-2M5MM2B" time="0.43">
  <properties/>
  <testcase name="givenNewEmployee_WhenAddedToDB_ShouldMatchEmployeeEntries" classname="EmployeePayrollServiceTest" time="0.43"/>
  <system-out><![CDATA[connecting to the database:jdbc:mysql://localhost:3306/employee_payroll?useSSL=false
connection is successful!!!!com.mysql.jdbc.JDBC4Connection@3f60d326
Employee Being Added: Jeff Benzos
connecting to the database:jdbc:mysql://localhost:3306/employee_payroll?useSSL=false
connection is successful!!!!com.mysql.jdbc.JDBC4Connection@39d2eb8f
Employee Added: Jeff Benzos
Employee Being Added: Bill Gates
connecting to the database:jdbc:mysql://localhost:3306/employee_payroll?useSSL=false
connection is successful!!!!com.mysql.jdbc.JDBC4Connection@30426d6d
Employee Added: Bill Gates
Employee Being Added: Mark Zuckerberg
connecting to the database:jdbc:mysql://localhost:3306/employee_payroll?useSSL=false
connection is successful!!!!com.mysql.jdbc.JDBC4Connection@2c25478b
Employee Added: Mark Zuckerberg
Employee Being Added: Sunder
connecting to the database:jdbc:mysql://localhost:3306/employee_payroll?useSSL=false
connection is successful!!!!com.mysql.jdbc.JDBC4Connection@5e9ae115
Employee Added: Sunder
Employee Being Added: Mukesh
connecting to the database:jdbc:mysql://localhost:3306/employee_payroll?useSSL=false
connection is successful!!!!com.mysql.jdbc.JDBC4Connection@73e9af0b
Employee Added: Mukesh
Employee Being Added: Anil
connecting to the database:jdbc:mysql://localhost:3306/employee_payroll?useSSL=false
connection is successful!!!!com.mysql.jdbc.JDBC4Connection@1653d9a8
Employee Added: Anil
[EmployeePayrollData [id=7, name=Mark, salary=5000000.0], EmployeePayrollData [id=69, name=Jeff Benzos, salary=1000000.0], EmployeePayrollData [id=70, name=Bill Gates, salary=2000000.0], EmployeePayrollData [id=71, name=Mark Zuckerberg, salary=3000000.0], EmployeePayrollData [id=72, name=Sunder, salary=6000000.0], EmployeePayrollData [id=73, name=Mukesh, salary=1000000.0], EmployeePayrollData [id=74, name=Anil, salary=2000000.0]]
Duration without Thread PT0.1476048S
Employee Being Added: Bill Gates
Employee Being Added: Mark Zuckerberg
Employee Being Added: Sunder
Employee Being Added: Jeff Benzos
connecting to the database:jdbc:mysql://localhost:3306/employee_payroll?useSSL=false
connecting to the database:jdbc:mysql://localhost:3306/employee_payroll?useSSL=false
connecting to the database:jdbc:mysql://localhost:3306/employee_payroll?useSSL=false
connecting to the database:jdbc:mysql://localhost:3306/employee_payroll?useSSL=false
Employee Being Added: Mukesh
connecting to the database:jdbc:mysql://localhost:3306/employee_payroll?useSSL=false
Employee Being Added: Anil
connecting to the database:jdbc:mysql://localhost:3306/employee_payroll?useSSL=false
connection is successful!!!!com.mysql.jdbc.JDBC4Connection@4134fd59
connection is successful!!!!com.mysql.jdbc.JDBC4Connection@3b4c2a97
connection is successful!!!!com.mysql.jdbc.JDBC4Connection@612bfe01
connection is successful!!!!com.mysql.jdbc.JDBC4Connection@3cc09559
connection is successful!!!!com.mysql.jdbc.JDBC4Connection@3ab2e379
connection is successful!!!!com.mysql.jdbc.JDBC4Connection@6692dc18
Employee Added: Anil
Employee Added: Jeff Benzos
Employee Added: Sunder
Employee Added: Mark Zuckerberg
Employee Added: Bill Gates
Employee Added: Mukesh
[EmployeePayrollData [id=0, name=Jeff Benzos, salary=1000000.0], EmployeePayrollData [id=0, name=Bill Gates, salary=2000000.0], EmployeePayrollData [id=0, name=Mark Zuckerberg, salary=3000000.0], EmployeePayrollData [id=0, name=Sunder, salary=6000000.0], EmployeePayrollData [id=0, name=Mukesh, salary=1000000.0], EmployeePayrollData [id=0, name=Anil, salary=2000000.0]]
Duration with Thread PT0.0339129S
[EmployeePayrollData [id=7, name=Mark, salary=5000000.0], EmployeePayrollData [id=69, name=Jeff Benzos, salary=1000000.0], EmployeePayrollData [id=70, name=Bill Gates, salary=2000000.0], EmployeePayrollData [id=71, name=Mark Zuckerberg, salary=3000000.0], EmployeePayrollData [id=72, name=Sunder, salary=6000000.0], EmployeePayrollData [id=73, name=Mukesh, salary=1000000.0], EmployeePayrollData [id=74, name=Anil, salary=2000000.0], EmployeePayrollData [id=77, name=Anil, salary=2000000.0], EmployeePayrollData [id=75, name=Sunder, salary=6000000.0], EmployeePayrollData [id=80, name=Bill Gates, salary=2000000.0], EmployeePayrollData [id=79, name=Jeff Benzos, salary=1000000.0], EmployeePayrollData [id=76, name=Mark Zuckerberg, salary=3000000.0], EmployeePayrollData [id=78, name=Mukesh, salary=1000000.0]]
]]></system-out>
  <system-err><![CDATA[]]></system-err>
</testsuite>
